sample.interval=20000
"[" "[" "eval" "eval" "callGeneric" "[" "[" "is" "Matrix" 
"[" "[" "eval" "eval" "callGeneric" "[" "[" "is" "Matrix" 
"asMethod" "as" "[" "[" "eval" "eval" "callGeneric" "[" "[" "is" "Matrix" 
"asMethod" "as" "[" "[" "eval" "eval" "callGeneric" "[" "[" "is" "Matrix" 
"asMethod" "as" "[" "[" "eval" "eval" "callGeneric" "[" "[" "is" "Matrix" 
"Matrix" 
"isN0" "sparseDefault" "Matrix" 
"isN0" "sparseDefault" "Matrix" 
"isN0" "sparseDefault" "Matrix" 
"isN0" "sparseDefault" "Matrix" 
"sparseDefault" "Matrix" 
"initialize" "initialize" "new" "Matrix" 
"slot<-" "initialize" "initialize" "new" "Matrix" 
"array" "asMethod" "as" "as.matrix.Matrix" "as.matrix" "myCrossProd" 
"structure" "as.single.default" "as.single" "myCrossProd" 
"structure" "as.single.default" "as.single" "myCrossProd" 
"structure" "as.single.default" "as.single" "myCrossProd" 
"structure" "as.single.default" "as.single" "myCrossProd" 
"structure" "single" "myCrossProd" 
"structure" "single" "myCrossProd" 
"structure" "single" "myCrossProd" 
"structure" "single" "myCrossProd" 
"structure" "single" "myCrossProd" 
"structure" "single" "myCrossProd" 
"structure" "single" "myCrossProd" 
"structure" "single" "myCrossProd" 
"structure" "single" "myCrossProd" 
"structure" "single" "myCrossProd" 
"structure" "single" "myCrossProd" 
".C" "myCrossProd" 
".C" "myCrossProd" 
".C" "myCrossProd" 
".C" "myCrossProd" 
".C" "myCrossProd" 
".C" "myCrossProd" 
".C" "myCrossProd" 
"matrix" "myCrossProd" 
"matrix" "myCrossProd" 
"outer" ".kronecker" "kronecker" "kronecker" "eval" "eval" "callGeneric" "is" "Matrix" "kronecker" "kronecker" "repmat" 
"outer" ".kronecker" "kronecker" "kronecker" "eval" "eval" "callGeneric" "is" "Matrix" "kronecker" "kronecker" "repmat" 
"aperm.default" "aperm" ".kronecker" "kronecker" "kronecker" "eval" "eval" "callGeneric" "is" "Matrix" "kronecker" "kronecker" "repmat" 
"aperm.default" "aperm" ".kronecker" "kronecker" "kronecker" "eval" "eval" "callGeneric" "is" "Matrix" "kronecker" "kronecker" "repmat" 
"aperm.default" "aperm" ".kronecker" "kronecker" "kronecker" "eval" "eval" "callGeneric" "is" "Matrix" "kronecker" "kronecker" "repmat" 
"aperm.default" "aperm" ".kronecker" "kronecker" "kronecker" "eval" "eval" "callGeneric" "is" "Matrix" "kronecker" "kronecker" "repmat" 
"isN0" "sparseDefault" "Matrix" "kronecker" "kronecker" "repmat" 
"isN0" "sparseDefault" "Matrix" "kronecker" "kronecker" "repmat" 
"isN0" "sparseDefault" "Matrix" "kronecker" "kronecker" "repmat" 
"isN0" "sparseDefault" "Matrix" "kronecker" "kronecker" "repmat" 
"isN0" "sparseDefault" "Matrix" "kronecker" "kronecker" "repmat" 
"isN0" "sparseDefault" "Matrix" "kronecker" "kronecker" "repmat" 
"isN0" "sparseDefault" "Matrix" "kronecker" "kronecker" "repmat" 
"initialize" "initialize" "new" "Matrix" "kronecker" "kronecker" "repmat" 
"slot<-" "initialize" "initialize" "new" "Matrix" "kronecker" "kronecker" "repmat" 
"slot<-" "initialize" "initialize" "new" "Matrix" "kronecker" "kronecker" "repmat" 
"slot<-" "initialize" "initialize" "new" "Matrix" "kronecker" "kronecker" "repmat" 
"slot<-" "initialize" "initialize" "new" "Matrix" "kronecker" "kronecker" "repmat" 
"slot<-" "initialize" "initialize" "new" "Matrix" "kronecker" "kronecker" "repmat" 
"slot<-" "initialize" "initialize" "new" "Matrix" "kronecker" "kronecker" "repmat" 
"slot<-" "initialize" "initialize" "new" "Matrix" "kronecker" "kronecker" "repmat" 
"slot<-" "initialize" "initialize" "new" "Matrix" "kronecker" "kronecker" "repmat" 
"slot<-" "initialize" "initialize" "new" "Matrix" "kronecker" "kronecker" "repmat" 
"isN0" "sparseDefault" "Matrix" "eval" "eval" "callGeneric" "+" "+" "+" 
"isN0" "sparseDefault" "Matrix" "eval" "eval" "callGeneric" "+" "+" "+" 
"isN0" "sparseDefault" "Matrix" "eval" "eval" "callGeneric" "+" "+" "+" 
"isN0" "sparseDefault" "Matrix" "eval" "eval" "callGeneric" "+" "+" "+" 
"isN0" "sparseDefault" "Matrix" "eval" "eval" "callGeneric" "+" "+" "+" 
"sparseDefault" "Matrix" "eval" "eval" "callGeneric" "+" "+" "+" 
"initialize" "initialize" "new" "Matrix" "eval" "eval" "callGeneric" "+" "+" "+" 
"slot<-" "initialize" "initialize" "new" "Matrix" "eval" "eval" "callGeneric" "+" "+" "+" 
"+" "eval" "eval" "callGeneric" "initialize" "initialize" "new" "+" "+" "+" "eval" "eval" "callGeneric" "+" "+" "+" 
"slot<-" "initialize" "initialize" "new" "+" "+" "+" "eval" "eval" "callGeneric" "+" "+" "+" 
"slot<-" "initialize" "initialize" "new" "+" "+" "+" "eval" "eval" "callGeneric" "+" "+" "+" 
"slot<-" "initialize" "initialize" "new" "+" "+" "+" "eval" "eval" "callGeneric" "+" "+" "+" 
"-" "-" "-" 
"-" "-" "-" 
"-" "-" "-" 
"-" "-" "-" 
"-" "-" "-" 
"-" "-" "-" 
"-" "-" "-" 
"-" "-" "-" 
"-" "-" "-" 
"-" "-" "-" 
"-" "-" "-" 
"-" "-" "-" 
"exp" "eval" "eval" "callGeneric" "exp" "exp" "exp" 
"exp" "eval" "eval" "callGeneric" "exp" "exp" "exp" 
"exp" "eval" "eval" "callGeneric" "exp" "exp" "exp" 
"exp" "exp" "exp" 
"slot<-" "@<-" "exp" "exp" "exp" 
"+" "+" "+" 
"+" "+" "+" 
"+" "+" "+" 
"slot<-" "@<-" "+" "+" "+" 
"/" "eval" "eval" "callGeneric" "/" "/" "/" 
"/" "eval" "eval" "callGeneric" "/" "/" "/" 
"/" "/" "/" 
"slot<-" "@<-" "/" "/" "/" 
"slot<-" "@<-" "/" "/" "/" 
"slot<-" "@<-" "/" "/" "/" 
"slot<-" "@<-" "/" "/" "/" 
"array" "asMethod" "as" "as.matrix.Matrix" "as.matrix" "myCrossProd" 
"structure" "as.single.default" "as.single" "myCrossProd" 
"structure" "as.single.default" "as.single" "myCrossProd" 
"structure" "as.single.default" "as.single" "myCrossProd" 
"structure" "as.single.default" "as.single" "myCrossProd" 
"structure" "as.single.default" "as.single" "myCrossProd" 
"structure" "as.single.default" "as.single" "myCrossProd" 
"structure" "as.single.default" "as.single" "myCrossProd" 
"structure" "single" "myCrossProd" 
"structure" "single" "myCrossProd" 
"structure" "single" "myCrossProd" 
"structure" "single" "myCrossProd" 
"structure" "single" "myCrossProd" 
"structure" "single" "myCrossProd" 
"structure" "single" "myCrossProd" 
"structure" "single" "myCrossProd" 
".C" "myCrossProd" 
".C" "myCrossProd" 
".C" "myCrossProd" 
".C" "myCrossProd" 
".C" "myCrossProd" 
".C" "myCrossProd" 
".C" "myCrossProd" 
".C" "myCrossProd" 
".C" "myCrossProd" 
".C" "myCrossProd" 
".C" "myCrossProd" 
".C" "myCrossProd" 
".C" "myCrossProd" 
".C" "myCrossProd" 
".C" "myCrossProd" 
"matrix" "myCrossProd" 
"matrix" "myCrossProd" 
"outer" ".kronecker" "kronecker" "kronecker" "eval" "eval" "callGeneric" "is" "Matrix" "kronecker" "kronecker" "repmat" 
"outer" ".kronecker" "kronecker" "kronecker" "eval" "eval" "callGeneric" "is" "Matrix" "kronecker" "kronecker" "repmat" 
"outer" ".kronecker" "kronecker" "kronecker" "eval" "eval" "callGeneric" "is" "Matrix" "kronecker" "kronecker" "repmat" 
"outer" ".kronecker" "kronecker" "kronecker" "eval" "eval" "callGeneric" "is" "Matrix" "kronecker" "kronecker" "repmat" 
"outer" ".kronecker" "kronecker" "kronecker" "eval" "eval" "callGeneric" "is" "Matrix" "kronecker" "kronecker" "repmat" 
"outer" ".kronecker" "kronecker" "kronecker" "eval" "eval" "callGeneric" "is" "Matrix" "kronecker" "kronecker" "repmat" 
"outer" ".kronecker" "kronecker" "kronecker" "eval" "eval" "callGeneric" "is" "Matrix" "kronecker" "kronecker" "repmat" 
"outer" ".kronecker" "kronecker" "kronecker" "eval" "eval" "callGeneric" "is" "Matrix" "kronecker" "kronecker" "repmat" 
"outer" ".kronecker" "kronecker" "kronecker" "eval" "eval" "callGeneric" "is" "Matrix" "kronecker" "kronecker" "repmat" 
"aperm.default" "aperm" ".kronecker" "kronecker" "kronecker" "eval" "eval" "callGeneric" "is" "Matrix" "kronecker" "kronecker" "repmat" 
"aperm.default" "aperm" ".kronecker" "kronecker" "kronecker" "eval" "eval" "callGeneric" "is" "Matrix" "kronecker" "kronecker" "repmat" 
"aperm.default" "aperm" ".kronecker" "kronecker" "kronecker" "eval" "eval" "callGeneric" "is" "Matrix" "kronecker" "kronecker" "repmat" 
"aperm.default" "aperm" ".kronecker" "kronecker" "kronecker" "eval" "eval" "callGeneric" "is" "Matrix" "kronecker" "kronecker" "repmat" 
"isN0" "sparseDefault" "Matrix" "kronecker" "kronecker" "repmat" 
"isN0" "sparseDefault" "Matrix" "kronecker" "kronecker" "repmat" 
"isN0" "sparseDefault" "Matrix" "kronecker" "kronecker" "repmat" 
"isN0" "sparseDefault" "Matrix" "kronecker" "kronecker" "repmat" 
"isN0" "sparseDefault" "Matrix" "kronecker" "kronecker" "repmat" 
"isN0" "sparseDefault" "Matrix" "kronecker" "kronecker" "repmat" 
"isN0" "sparseDefault" "Matrix" "kronecker" "kronecker" "repmat" 
"initialize" "initialize" "new" "Matrix" "kronecker" "kronecker" "repmat" 
"initialize" "initialize" "new" "Matrix" "kronecker" "kronecker" "repmat" 
"slot<-" "initialize" "initialize" "new" "Matrix" "kronecker" "kronecker" "repmat" 
"isN0" "sparseDefault" "Matrix" "eval" "eval" "callGeneric" "+" "+" "+" 
"isN0" "sparseDefault" "Matrix" "eval" "eval" "callGeneric" "+" "+" "+" 
"isN0" "sparseDefault" "Matrix" "eval" "eval" "callGeneric" "+" "+" "+" 
"isN0" "sparseDefault" "Matrix" "eval" "eval" "callGeneric" "+" "+" "+" 
"isN0" "sparseDefault" "Matrix" "eval" "eval" "callGeneric" "+" "+" "+" 
"isN0" "sparseDefault" "Matrix" "eval" "eval" "callGeneric" "+" "+" "+" 
"isN0" "sparseDefault" "Matrix" "eval" "eval" "callGeneric" "+" "+" "+" 
"isN0" "sparseDefault" "Matrix" "eval" "eval" "callGeneric" "+" "+" "+" 
"sparseDefault" "Matrix" "eval" "eval" "callGeneric" "+" "+" "+" 
"initialize" "initialize" "new" "Matrix" "eval" "eval" "callGeneric" "+" "+" "+" 
"slot<-" "initialize" "initialize" "new" "Matrix" "eval" "eval" "callGeneric" "+" "+" "+" 
"slot<-" "initialize" "initialize" "new" "Matrix" "eval" "eval" "callGeneric" "+" "+" "+" 
"slot<-" "initialize" "initialize" "new" "Matrix" "eval" "eval" "callGeneric" "+" "+" "+" 
"+" "eval" "eval" "callGeneric" "initialize" "initialize" "new" "+" "+" "+" "eval" "eval" "callGeneric" "+" "+" "+" 
"+" "eval" "eval" "callGeneric" "initialize" "initialize" "new" "+" "+" "+" "eval" "eval" "callGeneric" "+" "+" "+" 
"+" "eval" "eval" "callGeneric" "initialize" "initialize" "new" "+" "+" "+" "eval" "eval" "callGeneric" "+" "+" "+" 
"slot<-" "initialize" "initialize" "new" "+" "+" "+" "eval" "eval" "callGeneric" "+" "+" "+" 
"slot<-" "initialize" "initialize" "new" "+" "+" "+" "eval" "eval" "callGeneric" "+" "+" "+" 
"slot<-" "initialize" "initialize" "new" "+" "+" "+" "eval" "eval" "callGeneric" "+" "+" "+" 
"slot<-" "initialize" "initialize" "new" "+" "+" "+" "eval" "eval" "callGeneric" "+" "+" "+" 
"slot<-" "initialize" "initialize" "new" "+" "+" "+" "eval" "eval" "callGeneric" "+" "+" "+" 
"slot<-" "initialize" "initialize" "new" "+" "+" "+" "eval" "eval" "callGeneric" "+" "+" "+" 
"array" "asMethod" "as" "as.matrix.Matrix" "as.matrix" "apply" 
"array" "asMethod" "as" "as.matrix.Matrix" "as.matrix" "apply" 
"aperm.default" "aperm" "apply" 
"aperm.default" "aperm" "apply" 
"apply" 
"apply" 
"apply" 
"apply" 
"apply" 
"apply" 
"apply" 
"apply" 
"apply" 
"apply" 
"apply" 
"apply" 
"FUN" "lapply" "unlist" "apply" 
"lapply" "unlist" "apply" 
"lapply" "unlist" "apply" 
"lapply" "unlist" "apply" 
"lapply" "unlist" "apply" 
"lapply" "unlist" "apply" 
"lapply" "unlist" "apply" 
"lapply" "unlist" "apply" 
"outer" ".kronecker" "kronecker" "kronecker" "standardGeneric" "t" "repmat" 
"aperm.default" "aperm" ".kronecker" "kronecker" "kronecker" "standardGeneric" "t" "repmat" 
"aperm.default" "aperm" ".kronecker" "kronecker" "kronecker" "standardGeneric" "t" "repmat" 
"aperm.default" "aperm" ".kronecker" "kronecker" "kronecker" "standardGeneric" "t" "repmat" 
"aperm.default" "aperm" ".kronecker" "kronecker" "kronecker" "standardGeneric" "t" "repmat" 
"aperm.default" "aperm" ".kronecker" "kronecker" "kronecker" "standardGeneric" "t" "repmat" 
"aperm.default" "aperm" ".kronecker" "kronecker" "kronecker" "standardGeneric" "t" "repmat" 
"aperm.default" "aperm" ".kronecker" "kronecker" "kronecker" "standardGeneric" "t" "repmat" 
"aperm.default" "aperm" ".kronecker" "kronecker" "kronecker" "standardGeneric" "t" "repmat" 
"aperm.default" "aperm" ".kronecker" "kronecker" "kronecker" "standardGeneric" "t" "repmat" 
"aperm.default" "aperm" ".kronecker" "kronecker" "kronecker" "standardGeneric" "t" "repmat" 
"t.default" "t" "standardGeneric" "t" "repmat" 
"t.default" "t" "standardGeneric" "t" "repmat" 
"isN0" "sparseDefault" "Matrix" "eval" "eval" "callGeneric" "-" "-" "-" 
"isN0" "sparseDefault" "Matrix" "eval" "eval" "callGeneric" "-" "-" "-" 
"isN0" "sparseDefault" "Matrix" "eval" "eval" "callGeneric" "-" "-" "-" 
"isN0" "sparseDefault" "Matrix" "eval" "eval" "callGeneric" "-" "-" "-" 
"isN0" "sparseDefault" "Matrix" "eval" "eval" "callGeneric" "-" "-" "-" 
"isN0" "sparseDefault" "Matrix" "eval" "eval" "callGeneric" "-" "-" "-" 
"sparseDefault" "Matrix" "eval" "eval" "callGeneric" "-" "-" "-" 
"initialize" "initialize" "new" "Matrix" "eval" "eval" "callGeneric" "-" "-" "-" 
"initialize" "initialize" "new" "Matrix" "eval" "eval" "callGeneric" "-" "-" "-" 
"initialize" "initialize" "new" "Matrix" "eval" "eval" "callGeneric" "-" "-" "-" 
"initialize" "initialize" "new" "Matrix" "eval" "eval" "callGeneric" "-" "-" "-" 
"-" "eval" "eval" "callGeneric" "initialize" "initialize" "new" "-" "-" "-" "eval" "eval" "callGeneric" "-" "-" "-" 
"-" "eval" "eval" "callGeneric" "initialize" "initialize" "new" "-" "-" "-" "eval" "eval" "callGeneric" "-" "-" "-" 
"slot<-" "initialize" "initialize" "new" "-" "-" "-" "eval" "eval" "callGeneric" "-" "-" "-" 
"exp" "eval" "eval" "callGeneric" "exp" "exp" "exp" 
"exp" "eval" "eval" "callGeneric" "exp" "exp" "exp" 
"exp" "eval" "eval" "callGeneric" "exp" "exp" "exp" 
"exp" "eval" "eval" "callGeneric" "exp" "exp" "exp" 
"exp" "eval" "eval" "callGeneric" "exp" "exp" "exp" 
"exp" "eval" "eval" "callGeneric" "exp" "exp" "exp" 
"exp" "eval" "eval" "callGeneric" "exp" "exp" "exp" 
"exp" "eval" "eval" "callGeneric" "exp" "exp" "exp" 
"exp" "eval" "eval" "callGeneric" "exp" "exp" "exp" 
"exp" "eval" "eval" "callGeneric" "exp" "exp" "exp" 
"exp" "eval" "eval" "callGeneric" "exp" "exp" "exp" 
"exp" "eval" "eval" "callGeneric" "exp" "exp" "exp" 
"exp" "eval" "eval" "callGeneric" "exp" "exp" "exp" 
"exp" "exp" "exp" 
"slot<-" "@<-" "exp" "exp" "exp" 
".Call" ".local" "colSums" "colSums" "mode" "repmat" 
"outer" ".kronecker" "kronecker" "kronecker" "standardGeneric" "t" "repmat" 
"aperm.default" "aperm" ".kronecker" "kronecker" "kronecker" "standardGeneric" "t" "repmat" 
"aperm.default" "aperm" ".kronecker" "kronecker" "kronecker" "standardGeneric" "t" "repmat" 
"aperm.default" "aperm" ".kronecker" "kronecker" "kronecker" "standardGeneric" "t" "repmat" 
"aperm.default" "aperm" ".kronecker" "kronecker" "kronecker" "standardGeneric" "t" "repmat" 
"aperm.default" "aperm" ".kronecker" "kronecker" "kronecker" "standardGeneric" "t" "repmat" 
"aperm.default" "aperm" ".kronecker" "kronecker" "kronecker" "standardGeneric" "t" "repmat" 
"aperm.default" "aperm" ".kronecker" "kronecker" "kronecker" "standardGeneric" "t" "repmat" 
"aperm.default" "aperm" ".kronecker" "kronecker" "kronecker" "standardGeneric" "t" "repmat" 
"aperm.default" "aperm" ".kronecker" "kronecker" "kronecker" "standardGeneric" "t" "repmat" 
"aperm.default" "aperm" ".kronecker" "kronecker" "kronecker" "standardGeneric" "t" "repmat" 
"t.default" "t" "standardGeneric" "t" "repmat" 
"t.default" "t" "standardGeneric" "t" "repmat" 
"isN0" "sparseDefault" "Matrix" "eval" "eval" "callGeneric" "/" "/" "/" 
"isN0" "sparseDefault" "Matrix" "eval" "eval" "callGeneric" "/" "/" "/" 
"isN0" "sparseDefault" "Matrix" "eval" "eval" "callGeneric" "/" "/" "/" 
"isN0" "sparseDefault" "Matrix" "eval" "eval" "callGeneric" "/" "/" "/" 
"isN0" "sparseDefault" "Matrix" "eval" "eval" "callGeneric" "/" "/" "/" 
"isN0" "sparseDefault" "Matrix" "eval" "eval" "callGeneric" "/" "/" "/" 
"isN0" "sparseDefault" "Matrix" "eval" "eval" "callGeneric" "/" "/" "/" 
"isN0" "sparseDefault" "Matrix" "eval" "eval" "callGeneric" "/" "/" "/" 
"sparseDefault" "Matrix" "eval" "eval" "callGeneric" "/" "/" "/" 
"initialize" "initialize" "new" "Matrix" "eval" "eval" "callGeneric" "/" "/" "/" 
"slot<-" "initialize" "initialize" "new" "Matrix" "eval" "eval" "callGeneric" "/" "/" "/" 
"/" "eval" "eval" "callGeneric" "initialize" "initialize" "new" "/" "/" "/" "eval" "eval" "callGeneric" "/" "/" "/" 
"/" "eval" "eval" "callGeneric" "initialize" "initialize" "new" "/" "/" "/" "eval" "eval" "callGeneric" "/" "/" "/" 
"slot<-" "initialize" "initialize" "new" "/" "/" "/" "eval" "eval" "callGeneric" "/" "/" "/" 
"slot<-" "initialize" "initialize" "new" "/" "/" "/" "eval" "eval" "callGeneric" "/" "/" "/" 
"slot<-" "initialize" "initialize" "new" "/" "/" "/" "eval" "eval" "callGeneric" "/" "/" "/" 
